mode: set
github.com/thenguyenit/go-clean-architecture/user/usecase/user_usecase.go:14.62,16.2 1 1
github.com/thenguyenit/go-clean-architecture/user/usecase/user_usecase.go:18.96,19.17 1 1
github.com/thenguyenit/go-clean-architecture/user/usecase/user_usecase.go:23.2,25.16 2 1
github.com/thenguyenit/go-clean-architecture/user/usecase/user_usecase.go:28.2,28.22 1 1
github.com/thenguyenit/go-clean-architecture/user/usecase/user_usecase.go:19.17,21.3 1 0
github.com/thenguyenit/go-clean-architecture/user/usecase/user_usecase.go:25.16,27.3 1 0
github.com/thenguyenit/go-clean-architecture/user/usecase/user_usecase.go:31.76,34.2 2 1
github.com/thenguyenit/go-clean-architecture/user/delivery/http/user_handler.go:22.69,29.2 4 0
github.com/thenguyenit/go-clean-architecture/user/delivery/http/user_handler.go:31.55,35.17 4 1
github.com/thenguyenit/go-clean-architecture/user/delivery/http/user_handler.go:38.2,44.16 4 1
github.com/thenguyenit/go-clean-architecture/user/delivery/http/user_handler.go:48.2,48.38 1 1
github.com/thenguyenit/go-clean-architecture/user/delivery/http/user_handler.go:35.17,37.3 1 1
github.com/thenguyenit/go-clean-architecture/user/delivery/http/user_handler.go:44.16,46.3 1 0
github.com/thenguyenit/go-clean-architecture/user/delivery/http/user_handler.go:51.56,55.16 3 0
github.com/thenguyenit/go-clean-architecture/user/delivery/http/user_handler.go:59.2,60.16 2 0
github.com/thenguyenit/go-clean-architecture/user/delivery/http/user_handler.go:64.2,65.16 2 0
github.com/thenguyenit/go-clean-architecture/user/delivery/http/user_handler.go:69.2,69.41 1 0
github.com/thenguyenit/go-clean-architecture/user/delivery/http/user_handler.go:55.16,57.3 1 0
github.com/thenguyenit/go-clean-architecture/user/delivery/http/user_handler.go:60.16,62.3 1 0
github.com/thenguyenit/go-clean-architecture/user/delivery/http/user_handler.go:65.16,67.3 1 0
